{"logTime": "1211/214723", "correlationVector":"MMH3aPI7AqFV/dgeKvc1U/.1","action":"SyncServerConnectionManagerRequest", "result":"SYNC_SERVER_OK", "context":{"environment":"Prod_EastUS2_000e", "migrationStage":"NotStarted", "server":"GENERAL0100002P"}}
{"logTime": "1211/214723", "correlationVector":"tTcFqJPkm96EmosqCU3ul1","action":"SyncServerConnectionManagerRequest", "result":"SYNC_SERVER_OK", "context":{"environment":"", "migrationStage":"", "server":""}}
{"logTime": "1211/214723", "correlationVector":"MMH3aPI7AqFV/dgeKvc1U/","action":"Initial GetUpdates", "result":"", "context":Reason: NEW_CLIENT. cV=MMH3aPI7AqFV/dgeKvc1U/}
{"logTime": "1211/214723", "correlationVector":"MMH3aPI7AqFV/dgeKvc1U/.2","action":"GetUpdates Response", "result":"Success", "context":Received 1 update(s). cV=MMH3aPI7AqFV/dgeKvc1U/.0;server=GENERAL0100002P;cloudType=Consumer;environment=Prod_EastUS2_000e;migrationStage=NotStarted}
{"logTime": "1211/214723", "correlationVector":"QZY9KSqzTnR2trBlg6IeZZ","action":"Initial GetUpdates", "result":"", "context":Reason: NEWLY_SUPPORTED_DATATYPE. cV=QZY9KSqzTnR2trBlg6IeZZ}
{"logTime": "1211/214724", "correlationVector":"QZY9KSqzTnR2trBlg6IeZZ.1","action":"SyncServerConnectionManagerRequest", "result":"SYNC_SERVER_OK", "context":{"environment":"Prod_EastUS2_000e", "migrationStage":"NotStarted", "server":"GENERAL0100001G"}}
{"logTime": "1211/214724", "correlationVector":"QZY9KSqzTnR2trBlg6IeZZ.2","action":"GetUpdates Response", "result":"Success", "context":Received 142 update(s). cV=QZY9KSqzTnR2trBlg6IeZZ.0;server=GENERAL0100001G;cloudType=Consumer;environment=Prod_EastUS2_000e;migrationStage=NotStarted}
{"logTime": "1211/214724", "correlationVector":"0aaOSVy1ZI9SIGDBtnjKCj","action":"Initial GetUpdates", "result":"", "context":Reason: NEWLY_SUPPORTED_DATATYPE. cV=0aaOSVy1ZI9SIGDBtnjKCj}
{"logTime": "1211/214724", "correlationVector":"0aaOSVy1ZI9SIGDBtnjKCj.1","action":"SyncServerConnectionManagerRequest", "result":"SYNC_SERVER_OK", "context":{"environment":"Prod_EastUS2_000e", "migrationStage":"NotStarted", "server":"GENERAL0100001C"}}
{"logTime": "1211/214724", "correlationVector":"0aaOSVy1ZI9SIGDBtnjKCj.2","action":"GetUpdates Response", "result":"Success", "context":Received 10 update(s). cV=0aaOSVy1ZI9SIGDBtnjKCj.0;server=GENERAL0100001C;cloudType=Consumer;environment=Prod_EastUS2_000e;migrationStage=NotStarted}
{"logTime": "1211/214724", "correlationVector":"hnjD4KaO5IanU1PBwh7EqC","action":"Initial GetUpdates", "result":"", "context":Reason: NEWLY_SUPPORTED_DATATYPE. cV=hnjD4KaO5IanU1PBwh7EqC}
{"logTime": "1211/214725", "correlationVector":"hnjD4KaO5IanU1PBwh7EqC.1","action":"SyncServerConnectionManagerRequest", "result":"SYNC_SERVER_OK", "context":{"environment":"Prod_EastUS2_000e", "migrationStage":"NotStarted", "server":"GENERAL0100001N"}}
{"logTime": "1211/214725", "correlationVector":"hnjD4KaO5IanU1PBwh7EqC.2","action":"GetUpdates", "result":"DeleteReceived", "context":{"id":"9006a440-fc70-417b-b25b-9a7d4b482d7f", "isDeleted:":"true", "version":"1730415406296"}}
{"logTime": "1211/214725", "correlationVector":"hnjD4KaO5IanU1PBwh7EqC.3","action":"GetUpdates", "result":"DeleteReceived", "context":{"id":"d137404d-b6fe-487f-aa1c-ffa40cbf96a4", "isDeleted:":"true", "version":"1730307408925"}}
{"logTime": "1211/214725", "correlationVector":"hnjD4KaO5IanU1PBwh7EqC.4","action":"GetUpdates", "result":"DeleteReceived", "context":{"id":"87dd3b35-af97-4aea-9efe-63eca3e5377c", "isDeleted:":"true", "version":"1730307408926"}}
{"logTime": "1211/214725", "correlationVector":"hnjD4KaO5IanU1PBwh7EqC.5","action":"GetUpdates", "result":"DeleteReceived", "context":{"id":"36ebc6b3-f687-4d50-bdc2-24fadce2932a", "isDeleted:":"true", "version":"1730307408927"}}
{"logTime": "1211/214725", "correlationVector":"hnjD4KaO5IanU1PBwh7EqC.6","action":"GetUpdates", "result":"DeleteReceived", "context":{"id":"35dde5b6-20b4-46f5-838a-df93230ae25b", "isDeleted:":"true", "version":"1730415406297"}}
{"logTime": "1211/214725", "correlationVector":"hnjD4KaO5IanU1PBwh7EqC.7","action":"GetUpdates", "result":"DeleteReceived", "context":{"id":"5432f628-d4f3-4c4c-951a-a4baa85f54d0", "isDeleted:":"true", "version":"1730415406299"}}
{"logTime": "1211/214725", "correlationVector":"hnjD4KaO5IanU1PBwh7EqC.8","action":"GetUpdates", "result":"DeleteReceived", "context":{"id":"f6773570-8e6e-44d7-a167-d9b0fac79d47", "isDeleted:":"true", "version":"1730415406301"}}
{"logTime": "1211/214725", "correlationVector":"hnjD4KaO5IanU1PBwh7EqC.9","action":"GetUpdates", "result":"DeleteReceived", "context":{"id":"f2a99215-3ff7-4c8c-822a-e4ba3e9c1376", "isDeleted:":"true", "version":"1731022485531"}}
{"logTime": "1211/214725", "correlationVector":"hnjD4KaO5IanU1PBwh7EqC.10","action":"GetUpdates", "result":"DeleteReceived", "context":{"id":"578fdfd8-e54a-42ff-905b-0b8665d6f4a5", "isDeleted:":"true", "version":"1732743534154"}}
{"logTime": "1211/214725", "correlationVector":"hnjD4KaO5IanU1PBwh7EqC.11","action":"GetUpdates", "result":"DeleteReceived", "context":{"id":"8e84c8ab-fce5-45a2-88c5-e923f6a6fadd", "isDeleted:":"true", "version":"1732744313041"}}
{"logTime": "1211/214725", "correlationVector":"hnjD4KaO5IanU1PBwh7EqC.12","action":"GetUpdates", "result":"DeleteReceived", "context":{"id":"9d6ee408-6fd0-467d-9b9f-4d7d3896aeaa", "isDeleted:":"true", "version":"1732744313042"}}
{"logTime": "1211/214725", "correlationVector":"hnjD4KaO5IanU1PBwh7EqC.13","action":"GetUpdates", "result":"DeleteReceived", "context":{"id":"85adaac6-bb19-4421-b5fc-eb6662772ca0", "isDeleted:":"true", "version":"1732744313044"}}
{"logTime": "1211/214725", "correlationVector":"hnjD4KaO5IanU1PBwh7EqC.14","action":"GetUpdates", "result":"DeleteReceived", "context":{"id":"0eca0d5a-1046-4e58-8a43-e8fe232cb36f", "isDeleted:":"true", "version":"1733155296793"}}
{"logTime": "1211/214725", "correlationVector":"hnjD4KaO5IanU1PBwh7EqC.15","action":"GetUpdates", "result":"DeleteReceived", "context":{"id":"19c7cf05-fa0b-41df-8dd9-e1ed2bac12ba", "isDeleted:":"true", "version":"1733170857164"}}
{"logTime": "1211/214725", "correlationVector":"hnjD4KaO5IanU1PBwh7EqC.16","action":"GetUpdates", "result":"DeleteReceived", "context":{"id":"bc04287b-7e4f-47e4-be07-76e5e18fbf7c", "isDeleted:":"true", "version":"1733175008271"}}
{"logTime": "1211/214725", "correlationVector":"hnjD4KaO5IanU1PBwh7EqC.17","action":"GetUpdates", "result":"DeleteReceived", "context":{"id":"c054f259-a7be-4344-bc96-4d07273c5106", "isDeleted:":"true", "version":"1733182277329"}}
{"logTime": "1211/214725", "correlationVector":"hnjD4KaO5IanU1PBwh7EqC.18","action":"GetUpdates", "result":"DeleteReceived", "context":{"id":"b19d5f23-3e52-44f1-858f-f49833f161b5", "isDeleted:":"true", "version":"1733182593150"}}
{"logTime": "1211/214725", "correlationVector":"hnjD4KaO5IanU1PBwh7EqC.19","action":"GetUpdates", "result":"DeleteReceived", "context":{"id":"c3e78972-5869-4628-b07b-9acd68d50cab", "isDeleted:":"true", "version":"1733182935974"}}
{"logTime": "1211/214725", "correlationVector":"hnjD4KaO5IanU1PBwh7EqC.20","action":"GetUpdates", "result":"DeleteReceived", "context":{"id":"fc38b057-1d5d-462a-9056-aace70e834d1", "isDeleted:":"true", "version":"1733256050458"}}
{"logTime": "1211/214725", "correlationVector":"hnjD4KaO5IanU1PBwh7EqC.21","action":"GetUpdates", "result":"DeleteReceived", "context":{"id":"b2daca40-e1d4-4bec-86aa-190fef681478", "isDeleted:":"true", "version":"1733344018820"}}
{"logTime": "1211/214725", "correlationVector":"hnjD4KaO5IanU1PBwh7EqC.22","action":"GetUpdates", "result":"DeleteReceived", "context":{"id":"4cf0182a-4935-4436-8a3c-c36a54b3f40d", "isDeleted:":"true", "version":"1733441859084"}}
{"logTime": "1211/214725", "correlationVector":"hnjD4KaO5IanU1PBwh7EqC.23","action":"GetUpdates", "result":"DeleteReceived", "context":{"id":"6c4307de-26d3-457c-9920-347dfc1fba3f", "isDeleted:":"true", "version":"1733442073802"}}
{"logTime": "1211/214725", "correlationVector":"hnjD4KaO5IanU1PBwh7EqC.24","action":"GetUpdates", "result":"DeleteReceived", "context":{"id":"31125c1b-2fcc-48b9-8521-2db2b6f9dd80", "isDeleted:":"true", "version":"1733444353521"}}
{"logTime": "1211/214725", "correlationVector":"hnjD4KaO5IanU1PBwh7EqC.25","action":"GetUpdates", "result":"DeleteReceived", "context":{"id":"f2bfaf7a-4837-4251-8313-780575cbdccb", "isDeleted:":"true", "version":"1733521754288"}}
{"logTime": "1211/214725", "correlationVector":"hnjD4KaO5IanU1PBwh7EqC.26","action":"GetUpdates", "result":"DeleteReceived", "context":{"id":"fb9b52c4-93dc-4e32-9fa7-1ef40f9ccf1d", "isDeleted:":"true", "version":"1733522165058"}}
{"logTime": "1211/214725", "correlationVector":"hnjD4KaO5IanU1PBwh7EqC.27","action":"GetUpdates", "result":"DeleteReceived", "context":{"id":"8b920d51-e966-487e-82f7-0ed8442015fe", "isDeleted:":"true", "version":"1733522165059"}}
{"logTime": "1211/214725", "correlationVector":"hnjD4KaO5IanU1PBwh7EqC.28","action":"GetUpdates", "result":"DeleteReceived", "context":{"id":"d0c06c7f-45c3-4d60-8cac-d229629adc0c", "isDeleted:":"true", "version":"1733522165060"}}
{"logTime": "1211/214725", "correlationVector":"hnjD4KaO5IanU1PBwh7EqC.29","action":"GetUpdates", "result":"DeleteReceived", "context":{"id":"3ba5640f-a97d-40a9-8db3-7a2e75258da5", "isDeleted:":"true", "version":"1733522306037"}}
{"logTime": "1211/214725", "correlationVector":"hnjD4KaO5IanU1PBwh7EqC.30","action":"GetUpdates", "result":"DeleteReceived", "context":{"id":"8e204aab-7285-4187-bf3e-d60bb69f347c", "isDeleted:":"true", "version":"1733522306038"}}
{"logTime": "1211/214725", "correlationVector":"hnjD4KaO5IanU1PBwh7EqC.31","action":"GetUpdates", "result":"DeleteReceived", "context":{"id":"15b8f86b-1120-47a9-9cdb-cfe169269785", "isDeleted:":"true", "version":"1733524324614"}}
{"logTime": "1211/214725", "correlationVector":"hnjD4KaO5IanU1PBwh7EqC.32","action":"GetUpdates", "result":"DeleteReceived", "context":{"id":"365e04a0-6dee-4cbe-a287-3aaa16609c61", "isDeleted:":"true", "version":"1733524355366"}}
{"logTime": "1211/214725", "correlationVector":"hnjD4KaO5IanU1PBwh7EqC.33","action":"GetUpdates", "result":"DeleteReceived", "context":{"id":"740cf195-4bdb-4f84-9836-c6174680f002", "isDeleted:":"true", "version":"1733524403932"}}
{"logTime": "1211/214725", "correlationVector":"hnjD4KaO5IanU1PBwh7EqC.34","action":"GetUpdates", "result":"DeleteReceived", "context":{"id":"99a6ba51-2640-41c1-8090-bb690de3b72d", "isDeleted:":"true", "version":"1733524660573"}}
{"logTime": "1211/214725", "correlationVector":"hnjD4KaO5IanU1PBwh7EqC.35","action":"GetUpdates", "result":"DeleteReceived", "context":{"id":"ecb0d77d-707f-49f4-a409-057203f0c46c", "isDeleted:":"true", "version":"1733524835469"}}
{"logTime": "1211/214725", "correlationVector":"hnjD4KaO5IanU1PBwh7EqC.36","action":"GetUpdates", "result":"DeleteReceived", "context":{"id":"5d49d9da-333e-458c-b7d1-0f82560bf41a", "isDeleted:":"true", "version":"1733609112049"}}
{"logTime": "1211/214725", "correlationVector":"hnjD4KaO5IanU1PBwh7EqC.37","action":"GetUpdates", "result":"DeleteReceived", "context":{"id":"43261fce-e250-4a72-b49d-5c48bf857624", "isDeleted:":"true", "version":"1733609112050"}}
{"logTime": "1211/214725", "correlationVector":"hnjD4KaO5IanU1PBwh7EqC.38","action":"GetUpdates", "result":"DeleteReceived", "context":{"id":"1931cdbd-a7db-43ba-9062-c5c5bfda105b", "isDeleted:":"true", "version":"1733609112051"}}
{"logTime": "1211/214725", "correlationVector":"hnjD4KaO5IanU1PBwh7EqC.39","action":"GetUpdates", "result":"DeleteReceived", "context":{"id":"6803a00e-77aa-4f20-b781-2451423a4d11", "isDeleted:":"true", "version":"1733610394731"}}
{"logTime": "1211/214725", "correlationVector":"hnjD4KaO5IanU1PBwh7EqC.40","action":"GetUpdates", "result":"DeleteReceived", "context":{"id":"e706a100-4207-43db-b422-80b7516df37d", "isDeleted:":"true", "version":"1733610778071"}}
{"logTime": "1211/214725", "correlationVector":"hnjD4KaO5IanU1PBwh7EqC.41","action":"GetUpdates", "result":"DeleteReceived", "context":{"id":"2cd65706-e8f4-40ee-bff7-801bbe8bfdd8", "isDeleted:":"true", "version":"1733610778072"}}
{"logTime": "1211/214725", "correlationVector":"hnjD4KaO5IanU1PBwh7EqC.42","action":"GetUpdates", "result":"DeleteReceived", "context":{"id":"7973ed2c-53b1-4e71-867a-3da71856a7c7", "isDeleted:":"true", "version":"1733924487803"}}
{"logTime": "1211/214725", "correlationVector":"hnjD4KaO5IanU1PBwh7EqC.43","action":"GetUpdates", "result":"DeleteReceived", "context":{"id":"28fcd486-3d61-42f2-b9d6-fc2e78af53ea", "isDeleted:":"true", "version":"1733924942392"}}
{"logTime": "1211/214725", "correlationVector":"hnjD4KaO5IanU1PBwh7EqC.44","action":"GetUpdates", "result":"DeleteReceived", "context":{"id":"87f7f420-939b-449a-bb1c-99c08ef00198", "isDeleted:":"true", "version":"1733925317428"}}
{"logTime": "1211/214725", "correlationVector":"hnjD4KaO5IanU1PBwh7EqC.45","action":"GetUpdates", "result":"DeleteReceived", "context":{"id":"fabb1cbb-1e78-447f-81da-cc878c35ab03", "isDeleted:":"true", "version":"1733927005673"}}
{"logTime": "1211/214725", "correlationVector":"hnjD4KaO5IanU1PBwh7EqC.46","action":"GetUpdates", "result":"DeleteReceived", "context":{"id":"8bcda68d-4997-4ea7-a847-cfe04bcbdbac", "isDeleted:":"true", "version":"1733931754613"}}
{"logTime": "1211/214725", "correlationVector":"hnjD4KaO5IanU1PBwh7EqC.47","action":"GetUpdates", "result":"DeleteReceived", "context":{"id":"239c0e7e-39fa-4661-b50c-c0be8e03ab33", "isDeleted:":"true", "version":"1733931961427"}}
{"logTime": "1211/214725", "correlationVector":"hnjD4KaO5IanU1PBwh7EqC.48","action":"GetUpdates", "result":"DeleteReceived", "context":{"id":"c77bc0fc-3948-4467-8e14-1f22b9106eef", "isDeleted:":"true", "version":"1733943243232"}}
{"logTime": "1211/214725", "correlationVector":"hnjD4KaO5IanU1PBwh7EqC.49","action":"GetUpdates", "result":"DeleteReceived", "context":{"id":"b364d4cb-281a-4f77-a7c2-e974338a0320", "isDeleted:":"true", "version":"1733943364841"}}
{"logTime": "1211/214725", "correlationVector":"hnjD4KaO5IanU1PBwh7EqC.50","action":"GetUpdates", "result":"DeleteReceived", "context":{"id":"da6a8ab0-d759-4116-9137-7809b4a1917e", "isDeleted:":"true", "version":"1733951596865"}}
{"logTime": "1211/214725", "correlationVector":"hnjD4KaO5IanU1PBwh7EqC.51","action":"GetUpdates Response", "result":"Success", "context":Received 91 update(s). cV=hnjD4KaO5IanU1PBwh7EqC.0;server=GENERAL0100001N;cloudType=Consumer;environment=Prod_EastUS2_000e;migrationStage=NotStarted}
{"logTime": "1211/214725", "correlationVector":"lDSBW8R8lP6gn0OVL0hehk","action":"Normal GetUpdate request", "result":"", "context":cV=lDSBW8R8lP6gn0OVL0hehk
Nudged types: Preferences, Typed URLs, Sessions, Device Info, User Consents
Refresh requested types: Bookmarks, Preferences, Passwords, Autofill Profiles, Autofill, Typed URLs, Extensions, Sessions, Extension settings, History Delete Directives, Device Info, User Consents, Send Tab To Self, Web Apps, Collection, Edge E Drop, Edge Hub App Usage, Edge Tab Group, Edge Wallet, Encryption Keys}
{"logTime": "1211/214726", "correlationVector":"lDSBW8R8lP6gn0OVL0hehk.1","action":"SyncServerConnectionManagerRequest", "result":"SYNC_SERVER_OK", "context":{"environment":"Prod_EastUS2_000e", "migrationStage":"NotStarted", "server":"GENERAL0100002G"}}
{"logTime": "1211/214726", "correlationVector":"lDSBW8R8lP6gn0OVL0hehk.2","action":"GetUpdates Response", "result":"Success", "context":Received 0 update(s). cV=lDSBW8R8lP6gn0OVL0hehk.0;server=GENERAL0100002G;cloudType=Consumer;environment=Prod_EastUS2_000e;migrationStage=NotStarted}
{"logTime": "1211/214726", "correlationVector":"hZLNyZM848haad411AHnYB","action":"Commit Request", "result":"", "context":Item count: 8
Contributing types: Preferences, Autofill, Typed URLs, Sessions, Device Info, User Consents}
{"logTime": "1211/214727", "correlationVector":"hZLNyZM848haad411AHnYB.1","action":"SyncServerConnectionManagerRequest", "result":"SYNC_SERVER_OK", "context":{"environment":"Prod_EastUS2_000e", "migrationStage":"NotStarted", "server":"GENERAL01000028"}}
{"logTime": "1211/214727", "correlationVector":"hZLNyZM848haad411AHnYB.2","action":"Commit Response", "result":"Success", "context":Result: Success. cV=hZLNyZM848haad411AHnYB.0;server=GENERAL01000028;cloudType=Consumer;environment=Prod_EastUS2_000e;migrationStage=NotStarted}
{"logTime": "1211/214828", "correlationVector":"8KHVQa+f9oEnNVpimJQPwK","action":"Commit Request", "result":"", "context":Item count: 1
Contributing types: Sessions}
{"logTime": "1211/214828", "correlationVector":"8KHVQa+f9oEnNVpimJQPwK.1","action":"SyncServerConnectionManagerRequest", "result":"SYNC_SERVER_OK", "context":{"environment":"Prod_EastUS2_000e", "migrationStage":"NotStarted", "server":"GENERAL0100001U"}}
{"logTime": "1211/214828", "correlationVector":"8KHVQa+f9oEnNVpimJQPwK.2","action":"Commit Response", "result":"Success", "context":Result: Success. cV=8KHVQa+f9oEnNVpimJQPwK.0;server=GENERAL0100001U;cloudType=Consumer;environment=Prod_EastUS2_000e;migrationStage=NotStarted}
{"logTime": "1211/215124", "correlationVector":"bIHf3WD4ZM0mdpy+BV1Yut","action":"Commit Request", "result":"", "context":Item count: 1
Contributing types: Sessions}
{"logTime": "1211/215125", "correlationVector":"bIHf3WD4ZM0mdpy+BV1Yut.1","action":"SyncServerConnectionManagerRequest", "result":"SYNC_SERVER_OK", "context":{"environment":"Prod_EastUS2_000e", "migrationStage":"NotStarted", "server":"GENERAL01000021"}}
{"logTime": "1211/215125", "correlationVector":"bIHf3WD4ZM0mdpy+BV1Yut.2","action":"Commit Response", "result":"Success", "context":Result: Success. cV=bIHf3WD4ZM0mdpy+BV1Yut.0;server=GENERAL01000021;cloudType=Consumer;environment=Prod_EastUS2_000e;migrationStage=NotStarted}
{"logTime": "1211/215221", "correlationVector":"g5RIyvIm6fg/uKft6MIazk","action":"Normal GetUpdate request", "result":"", "context":cV=g5RIyvIm6fg/uKft6MIazk
Refresh requested types: Bookmarks, Preferences, Passwords, Autofill Profiles, Autofill, Typed URLs, Extensions, Sessions, Extension settings, History Delete Directives, Device Info, User Consents, Send Tab To Self, Web Apps, Collection, Edge E Drop, Edge Hub App Usage, Edge Tab Group, Edge Wallet, Encryption Keys}
{"logTime": "1211/215221", "correlationVector":"g5RIyvIm6fg/uKft6MIazk.1","action":"SyncServerConnectionManagerRequest", "result":"SYNC_SERVER_OK", "context":{"environment":"Prod_EastUS2_000e", "migrationStage":"NotStarted", "server":"GENERAL01000022"}}
{"logTime": "1211/215222", "correlationVector":"g5RIyvIm6fg/uKft6MIazk.2","action":"GetUpdates Response", "result":"Success", "context":Received 6 update(s). cV=g5RIyvIm6fg/uKft6MIazk.0;server=GENERAL01000022;cloudType=Consumer;environment=Prod_EastUS2_000e;migrationStage=NotStarted}
{"logTime": "1211/215222", "correlationVector":"cTBzkAmEOoylSKhpOw1egE","action":"DoCompareDataConsistency requsted types: ", "result":"Bookmarks, Preferences, Passwords, Typed URLs, Extensions, Extension settings, History Delete Directives, Send Tab To Self, Web Apps, Collection, Edge E Drop, Edge Tab Group, Edge Wallet, Encryption Keys"}
{"logTime": "1211/215222", "correlationVector":"cTBzkAmEOoylSKhpOw1egE.0","action":"CompareDataConsistency result: ", "result":"Compare result: Encryption Keys is consistent. local entities count is: 1 local entities hash is: 3O4fTDzsonGn8cynh+ZDs0fztKE="}
{"logTime": "1211/215222", "correlationVector":"cTBzkAmEOoylSKhpOw1egE.1","action":"CompareDataConsistency result: ", "result":"Compare result: Bookmarks is consistent. local entities count is: 8 local entities hash is: 2kJmDf6KyxJb/EP371oUkDhNKnA="}
{"logTime": "1211/215222", "correlationVector":"cTBzkAmEOoylSKhpOw1egE.2","action":"CompareDataConsistency result: ", "result":"Compare result: Preferences is consistent. local entities count is: 48 local entities hash is: t7SVuz9ZuXdRL5UN0Q2/smCDpKw="}
{"logTime": "1211/215222", "correlationVector":"cTBzkAmEOoylSKhpOw1egE.3","action":"CompareDataConsistency result: ", "result":"Server did not send this Typed URLs local entities count is: 7 local entities hash is: lbZEWOLFnUgQey+a4PZTwAFxTK0="}
{"logTime": "1211/215222", "correlationVector":"cTBzkAmEOoylSKhpOw1egE.4","action":"CompareDataConsistency result: ", "result":"Compare result: Extensions is consistent. local entities count is: 0 local entities hash is: "}
{"logTime": "1211/215222", "correlationVector":"cTBzkAmEOoylSKhpOw1egE.5","action":"CompareDataConsistency result: ", "result":"Compare result: Extension settings is consistent. local entities count is: 0 local entities hash is: "}
{"logTime": "1211/215222", "correlationVector":"cTBzkAmEOoylSKhpOw1egE.6","action":"CompareDataConsistency result: ", "result":"Compare result: History Delete Directives is consistent. local entities count is: 0 local entities hash is: "}
{"logTime": "1211/215222", "correlationVector":"cTBzkAmEOoylSKhpOw1egE.7","action":"CompareDataConsistency result: ", "result":"Server did not send this Send Tab To Self local entities count is: 0 local entities hash is: "}
{"logTime": "1211/215222", "correlationVector":"cTBzkAmEOoylSKhpOw1egE.8","action":"CompareDataConsistency result: ", "result":"Compare result: Web Apps is consistent. local entities count is: 0 local entities hash is: "}
{"logTime": "1211/215222", "correlationVector":"cTBzkAmEOoylSKhpOw1egE.9","action":"CompareDataConsistency result: ", "result":"Compare result: Collection is consistent. local entities count is: 0 local entities hash is: "}
{"logTime": "1211/215222", "correlationVector":"cTBzkAmEOoylSKhpOw1egE.10","action":"CompareDataConsistency result: ", "result":"Compare result: Edge E Drop is consistent. local entities count is: 0 local entities hash is: "}
{"logTime": "1211/215222", "correlationVector":"cTBzkAmEOoylSKhpOw1egE.11","action":"CompareDataConsistency result: ", "result":"Compare result: Edge Tab Group is consistent. local entities count is: 0 local entities hash is: "}
{"logTime": "1211/215222", "correlationVector":"cTBzkAmEOoylSKhpOw1egE.12","action":"CompareDataConsistency result: ", "result":"Compare result: Edge Wallet is consistent. local entities count is: 0 local entities hash is: "}
{"logTime": "1211/215222", "correlationVector":"cTBzkAmEOoylSKhpOw1egE.13","action":"CompareDataConsistency result: ", "result":"Compare result: Passwords is consistent. local entities count is: 87 local entities hash is: 01Rv/cA1qRpBWMyc0UhWeqb11YQ="}
{"logTime": "1211/215222", "correlationVector":"i3la9v8td8YPFEdTRnTonQ","action":"Commit Request", "result":"", "context":Item count: 2
Contributing types: Sessions}
{"logTime": "1211/215222", "correlationVector":"i3la9v8td8YPFEdTRnTonQ.1","action":"SyncServerConnectionManagerRequest", "result":"SYNC_SERVER_OK", "context":{"environment":"Prod_EastUS2_000e", "migrationStage":"NotStarted", "server":"GENERAL0100001L"}}
{"logTime": "1211/215222", "correlationVector":"i3la9v8td8YPFEdTRnTonQ.3","action":"Commit.Sessions", "result":"Success", "context":{"id":"5db4655d-4999-40f1-9377-07bf6b46fd4c", "isDeleted":"true", "size":"0", "version":"1732744313043"}}
{"logTime": "1211/215222", "correlationVector":"i3la9v8td8YPFEdTRnTonQ.4","action":"Commit.Sessions", "result":"Success", "context":{"id":"a953e871-03c2-4c55-8a43-d223de3c2b95", "isDeleted":"true", "size":"0", "version":"1732744313045"}}
{"logTime": "1211/215222", "correlationVector":"i3la9v8td8YPFEdTRnTonQ.2","action":"Commit Response", "result":"Success", "context":Result: Success. cV=i3la9v8td8YPFEdTRnTonQ.0;server=GENERAL0100001L;cloudType=Consumer;environment=Prod_EastUS2_000e;migrationStage=NotStarted}
{"logTime": "1211/215222", "correlationVector":"","action":"DIAGNOSTIC_REQUEST|v1/diagnosticData/Diagnostic.SendCheckResult()|SUCCESS", "result":""}
{"logTime": "1211/220512", "correlationVector":"iDszbHKM4l3WK09zBpp7wz.1","action":"SyncServerConnectionManagerRequest", "result":"SYNC_SERVER_OK", "context":{"environment":"Prod_EastUS2_000e", "migrationStage":"NotStarted", "server":"GENERAL0100001N"}}
{"logTime": "1211/220513", "correlationVector":"jKZJnxi92KsOo7y2pBSCB8","action":"SyncServerConnectionManagerRequest", "result":"SYNC_SERVER_OK", "context":{"environment":"", "migrationStage":"", "server":""}}
{"logTime": "1211/220513", "correlationVector":"iDszbHKM4l3WK09zBpp7wz","action":"Initial GetUpdates", "result":"", "context":Reason: NEW_CLIENT. cV=iDszbHKM4l3WK09zBpp7wz}
{"logTime": "1211/220513", "correlationVector":"iDszbHKM4l3WK09zBpp7wz.2","action":"GetUpdates Response", "result":"Success", "context":Received 1 update(s). cV=iDszbHKM4l3WK09zBpp7wz.0;server=GENERAL0100001N;cloudType=Consumer;environment=Prod_EastUS2_000e;migrationStage=NotStarted}
{"logTime": "1211/220513", "correlationVector":"n4MBAMoB4DYP6KWZRxu/rB","action":"Initial GetUpdates", "result":"", "context":Reason: NEWLY_SUPPORTED_DATATYPE. cV=n4MBAMoB4DYP6KWZRxu/rB}
{"logTime": "1211/220513", "correlationVector":"n4MBAMoB4DYP6KWZRxu/rB.1","action":"SyncServerConnectionManagerRequest", "result":"SYNC_SERVER_OK", "context":{"environment":"Prod_EastUS2_000e", "migrationStage":"NotStarted", "server":"GENERAL0100002H"}}
{"logTime": "1211/220513", "correlationVector":"n4MBAMoB4DYP6KWZRxu/rB.2","action":"GetUpdates Response", "result":"Success", "context":Received 87 update(s). cV=n4MBAMoB4DYP6KWZRxu/rB.0;server=GENERAL0100002H;cloudType=Consumer;environment=Prod_EastUS2_000e;migrationStage=NotStarted}
{"logTime": "1211/220514", "correlationVector":"b+t+RIj0d/76ve52g6aMIH","action":"Normal GetUpdate request", "result":"", "context":cV=b+t+RIj0d/76ve52g6aMIH
Nudged types: Sessions
Refresh requested types: Bookmarks, Preferences, Passwords, Autofill Profiles, Autofill, Typed URLs, Extensions, Sessions, Extension settings, History Delete Directives, Device Info, User Consents, Send Tab To Self, Web Apps, Collection, Edge E Drop, Edge Hub App Usage, Edge Tab Group, Edge Wallet, Encryption Keys}
{"logTime": "1211/220514", "correlationVector":"b+t+RIj0d/76ve52g6aMIH.1","action":"SyncServerConnectionManagerRequest", "result":"SYNC_SERVER_OK", "context":{"environment":"Prod_EastUS2_000e", "migrationStage":"NotStarted", "server":"GENERAL01000026"}}
{"logTime": "1211/220514", "correlationVector":"b+t+RIj0d/76ve52g6aMIH.2","action":"GetUpdates", "result":"DeleteReceived", "context":{"id":"5db4655d-4999-40f1-9377-07bf6b46fd4c", "isDeleted:":"true", "version":"1733953943466"}}
{"logTime": "1211/220514", "correlationVector":"b+t+RIj0d/76ve52g6aMIH.3","action":"GetUpdates", "result":"DeleteReceived", "context":{"id":"a953e871-03c2-4c55-8a43-d223de3c2b95", "isDeleted:":"true", "version":"1733953943467"}}
{"logTime": "1211/220514", "correlationVector":"b+t+RIj0d/76ve52g6aMIH.4","action":"GetUpdates", "result":"DeleteReceived", "context":{"id":"fe27bbdd-caa5-4877-b5e7-dacc01e64dd5", "isDeleted:":"true", "version":"1733954320151"}}
{"logTime": "1211/220514", "correlationVector":"b+t+RIj0d/76ve52g6aMIH.5","action":"GetUpdates", "result":"DeleteReceived", "context":{"id":"58b395e8-e0fe-43ec-8923-5963c085cb9f", "isDeleted:":"true", "version":"1733954320152"}}
{"logTime": "1211/220514", "correlationVector":"b+t+RIj0d/76ve52g6aMIH.6","action":"GetUpdates", "result":"DeleteReceived", "context":{"id":"0060a667-440d-466c-96f8-25dbdba5b631", "isDeleted:":"true", "version":"1733954320153"}}
{"logTime": "1211/220514", "correlationVector":"b+t+RIj0d/76ve52g6aMIH.7","action":"GetUpdates Response", "result":"Success", "context":Received 7 update(s). cV=b+t+RIj0d/76ve52g6aMIH.0;server=GENERAL01000026;cloudType=Consumer;environment=Prod_EastUS2_000e;migrationStage=NotStarted}
{"logTime": "1211/220514", "correlationVector":"tHBCAv0MgSi85j8i3qL7Tr","action":"Commit Request", "result":"", "context":Item count: 3
Contributing types: Sessions}
{"logTime": "1211/220514", "correlationVector":"tHBCAv0MgSi85j8i3qL7Tr.1","action":"SyncServerConnectionManagerRequest", "result":"SYNC_SERVER_OK", "context":{"environment":"Prod_EastUS2_000e", "migrationStage":"NotStarted", "server":"GENERAL0100001Y"}}
{"logTime": "1211/220514", "correlationVector":"tHBCAv0MgSi85j8i3qL7Tr.3","action":"Commit.Sessions", "result":"Success", "context":{"id":"439b7cc9-9072-4e76-928b-de2abab0c7cd", "isDeleted":"true", "size":"0", "version":"1733953886846"}}
{"logTime": "1211/220514", "correlationVector":"tHBCAv0MgSi85j8i3qL7Tr.2","action":"Commit Response", "result":"Success", "context":Result: Success. cV=tHBCAv0MgSi85j8i3qL7Tr.0;server=GENERAL0100001Y;cloudType=Consumer;environment=Prod_EastUS2_000e;migrationStage=NotStarted}
{"logTime": "1211/220544", "correlationVector":"oNOXBgRHNWaWpfGu5n/GU+","action":"Commit Request", "result":"", "context":Item count: 1
Contributing types: Sessions}
{"logTime": "1211/220545", "correlationVector":"oNOXBgRHNWaWpfGu5n/GU+.1","action":"SyncServerConnectionManagerRequest", "result":"SYNC_SERVER_OK", "context":{"environment":"Prod_EastUS2_000e", "migrationStage":"NotStarted", "server":"GENERAL0100002Q"}}
{"logTime": "1211/220545", "correlationVector":"oNOXBgRHNWaWpfGu5n/GU+.2","action":"Commit Response", "result":"Success", "context":Result: Success. cV=oNOXBgRHNWaWpfGu5n/GU+.0;server=GENERAL0100002Q;cloudType=Consumer;environment=Prod_EastUS2_000e;migrationStage=NotStarted}
{"logTime": "1211/221009", "correlationVector":"Uq/JFsxNSB7u+neYGv7r3G","action":"Normal GetUpdate request", "result":"", "context":cV=Uq/JFsxNSB7u+neYGv7r3G
Refresh requested types: Bookmarks, Preferences, Passwords, Autofill Profiles, Autofill, Typed URLs, Extensions, Sessions, Extension settings, History Delete Directives, Device Info, User Consents, Send Tab To Self, Web Apps, Collection, Edge E Drop, Edge Hub App Usage, Edge Tab Group, Edge Wallet, Encryption Keys}
{"logTime": "1211/221010", "correlationVector":"Uq/JFsxNSB7u+neYGv7r3G.1","action":"SyncServerConnectionManagerRequest", "result":"SYNC_SERVER_OK", "context":{"environment":"Prod_EastUS2_000e", "migrationStage":"NotStarted", "server":"GENERAL01000017"}}
{"logTime": "1211/221010", "correlationVector":"Uq/JFsxNSB7u+neYGv7r3G.2","action":"GetUpdates", "result":"DeleteReceived", "context":{"id":"439b7cc9-9072-4e76-928b-de2abab0c7cd", "isDeleted:":"true", "version":"1733954715764"}}
{"logTime": "1211/221010", "correlationVector":"Uq/JFsxNSB7u+neYGv7r3G.3","action":"GetUpdates Response", "result":"Success", "context":Received 3 update(s). cV=Uq/JFsxNSB7u+neYGv7r3G.0;server=GENERAL01000017;cloudType=Consumer;environment=Prod_EastUS2_000e;migrationStage=NotStarted}
{"logTime": "1211/221803", "correlationVector":"H8Vrxa30aly1I7IrL8Bryo","action":"Commit Request", "result":"", "context":Item count: 1
Contributing types: Sessions}
{"logTime": "1211/221804", "correlationVector":"H8Vrxa30aly1I7IrL8Bryo.1","action":"SyncServerConnectionManagerRequest", "result":"SYNC_SERVER_OK", "context":{"environment":"Prod_EastUS2_000e", "migrationStage":"NotStarted", "server":"GENERAL01000004"}}
{"logTime": "1211/221804", "correlationVector":"H8Vrxa30aly1I7IrL8Bryo.2","action":"Commit Response", "result":"Success", "context":Result: Success. cV=H8Vrxa30aly1I7IrL8Bryo.0;server=GENERAL01000004;cloudType=Consumer;environment=Prod_EastUS2_000e;migrationStage=NotStarted}
{"logTime": "1211/222602", "correlationVector":"m0sh7vx5ZsxACIlqmxr0mF","action":"Commit Request", "result":"", "context":Item count: 1
Contributing types: Sessions}
{"logTime": "1211/222603", "correlationVector":"m0sh7vx5ZsxACIlqmxr0mF.1","action":"SyncServerConnectionManagerRequest", "result":"SYNC_SERVER_OK", "context":{"environment":"Prod_EastUS2_000e", "migrationStage":"NotStarted", "server":"GENERAL0100000N"}}
{"logTime": "1211/222603", "correlationVector":"m0sh7vx5ZsxACIlqmxr0mF.2","action":"Commit Response", "result":"Success", "context":Result: Success. cV=m0sh7vx5ZsxACIlqmxr0mF.0;server=GENERAL0100000N;cloudType=Consumer;environment=Prod_EastUS2_000e;migrationStage=NotStarted}
{"logTime": "1211/223233", "correlationVector":"OHAxwSUhu5glAGSLm5toR6.1","action":"SyncServerConnectionManagerRequest", "result":"SYNC_SERVER_OK", "context":{"environment":"Prod_EastUS2_000e", "migrationStage":"NotStarted", "server":"GENERAL0100002H"}}
{"logTime": "1211/223234", "correlationVector":"mGzIu8p0wQaSwQFxy6kDb+","action":"SyncServerConnectionManagerRequest", "result":"SYNC_SERVER_OK", "context":{"environment":"", "migrationStage":"", "server":""}}
{"logTime": "1211/223234", "correlationVector":"OHAxwSUhu5glAGSLm5toR6","action":"Initial GetUpdates", "result":"", "context":Reason: NEW_CLIENT. cV=OHAxwSUhu5glAGSLm5toR6}
{"logTime": "1211/223234", "correlationVector":"OHAxwSUhu5glAGSLm5toR6.2","action":"GetUpdates Response", "result":"Success", "context":Received 1 update(s). cV=OHAxwSUhu5glAGSLm5toR6.0;server=GENERAL0100002H;cloudType=Consumer;environment=Prod_EastUS2_000e;migrationStage=NotStarted}
{"logTime": "1211/223234", "correlationVector":"TG32yl8T/20pmjQyImC+vs","action":"Initial GetUpdates", "result":"", "context":Reason: NEWLY_SUPPORTED_DATATYPE. cV=TG32yl8T/20pmjQyImC+vs}
{"logTime": "1211/223235", "correlationVector":"TG32yl8T/20pmjQyImC+vs.1","action":"SyncServerConnectionManagerRequest", "result":"SYNC_SERVER_OK", "context":{"environment":"Prod_EastUS2_000e", "migrationStage":"NotStarted", "server":"GENERAL01000009"}}
{"logTime": "1211/223235", "correlationVector":"TG32yl8T/20pmjQyImC+vs.2","action":"GetUpdates Response", "result":"Success", "context":Received 87 update(s). cV=TG32yl8T/20pmjQyImC+vs.0;server=GENERAL01000009;cloudType=Consumer;environment=Prod_EastUS2_000e;migrationStage=NotStarted}
{"logTime": "1211/223235", "correlationVector":"qCoO8F2MnBPpr4WRnG6Wob","action":"Normal GetUpdate request", "result":"", "context":cV=qCoO8F2MnBPpr4WRnG6Wob
Nudged types: Sessions
Refresh requested types: Bookmarks, Preferences, Passwords, Autofill Profiles, Autofill, Typed URLs, Extensions, Sessions, Extension settings, History Delete Directives, Device Info, User Consents, Send Tab To Self, Web Apps, Collection, Edge E Drop, Edge Hub App Usage, Edge Tab Group, Edge Wallet, Encryption Keys}
{"logTime": "1211/223235", "correlationVector":"qCoO8F2MnBPpr4WRnG6Wob.1","action":"SyncServerConnectionManagerRequest", "result":"SYNC_SERVER_OK", "context":{"environment":"Prod_EastUS2_000e", "migrationStage":"NotStarted", "server":"GENERAL0100002O"}}
{"logTime": "1211/223235", "correlationVector":"qCoO8F2MnBPpr4WRnG6Wob.2","action":"GetUpdates Response", "result":"Success", "context":Received 1 update(s). cV=qCoO8F2MnBPpr4WRnG6Wob.0;server=GENERAL0100002O;cloudType=Consumer;environment=Prod_EastUS2_000e;migrationStage=NotStarted}
{"logTime": "1211/223235", "correlationVector":"TvzM9WhNTpRvKnVXCE8KR7","action":"Commit Request", "result":"", "context":Item count: 3
Contributing types: Sessions}
{"logTime": "1211/223236", "correlationVector":"TvzM9WhNTpRvKnVXCE8KR7.1","action":"SyncServerConnectionManagerRequest", "result":"SYNC_SERVER_OK", "context":{"environment":"Prod_EastUS2_000e", "migrationStage":"NotStarted", "server":"GENERAL0100002H"}}
{"logTime": "1211/223236", "correlationVector":"TvzM9WhNTpRvKnVXCE8KR7.2","action":"Commit Response", "result":"Success", "context":Result: Success. cV=TvzM9WhNTpRvKnVXCE8KR7.0;server=GENERAL0100002H;cloudType=Consumer;environment=Prod_EastUS2_000e;migrationStage=NotStarted}
{"logTime": "1211/223731", "correlationVector":"DVoUh/v0sPIgETonH2sHyE","action":"Normal GetUpdate request", "result":"", "context":cV=DVoUh/v0sPIgETonH2sHyE
Refresh requested types: Bookmarks, Preferences, Passwords, Autofill Profiles, Autofill, Typed URLs, Extensions, Sessions, Extension settings, History Delete Directives, Device Info, User Consents, Send Tab To Self, Web Apps, Collection, Edge E Drop, Edge Hub App Usage, Edge Tab Group, Edge Wallet, Encryption Keys}
{"logTime": "1211/223732", "correlationVector":"DVoUh/v0sPIgETonH2sHyE.1","action":"SyncServerConnectionManagerRequest", "result":"SYNC_SERVER_OK", "context":{"environment":"Prod_EastUS2_000e", "migrationStage":"NotStarted", "server":"GENERAL0100002U"}}
{"logTime": "1211/223732", "correlationVector":"DVoUh/v0sPIgETonH2sHyE.2","action":"GetUpdates Response", "result":"Success", "context":Received 3 update(s). cV=DVoUh/v0sPIgETonH2sHyE.0;server=GENERAL0100002U;cloudType=Consumer;environment=Prod_EastUS2_000e;migrationStage=NotStarted}
{"logTime": "1211/224207", "correlationVector":"LFWAa1MewUMg2psoqesZxk","action":"Commit Request", "result":"", "context":Item count: 1
Contributing types: Sessions}
{"logTime": "1211/224209", "correlationVector":"LFWAa1MewUMg2psoqesZxk.1","action":"SyncServerConnectionManagerRequest", "result":"SYNC_SERVER_OK", "context":{"environment":"Prod_EastUS2_000e", "migrationStage":"NotStarted", "server":"GENERAL01000021"}}
{"logTime": "1211/224209", "correlationVector":"LFWAa1MewUMg2psoqesZxk.2","action":"Commit Response", "result":"Success", "context":Result: Success. cV=LFWAa1MewUMg2psoqesZxk.0;server=GENERAL01000021;cloudType=Consumer;environment=Prod_EastUS2_000e;migrationStage=NotStarted}
{"logTime": "1211/224209", "correlationVector":"LFWAa1MewUMg2psoqesZxk.3","action":"Commit.Sessions", "result":"Success", "context":{"id":"bd226684-507f-431a-b8e8-ef1d56594f67", "isDeleted":"true", "size":"0", "version":"1733956357180"}}
{"logTime": "1211/224346", "correlationVector":"7bPu3YCgU/Lk+/g2Wqffux","action":"Commit Request", "result":"", "context":Item count: 1
Contributing types: Sessions}
{"logTime": "1211/224347", "correlationVector":"7bPu3YCgU/Lk+/g2Wqffux.1","action":"SyncServerConnectionManagerRequest", "result":"SYNC_SERVER_OK", "context":{"environment":"Prod_EastUS2_000e", "migrationStage":"NotStarted", "server":"GENERAL01000016"}}
{"logTime": "1211/224347", "correlationVector":"7bPu3YCgU/Lk+/g2Wqffux.2","action":"Commit Response", "result":"Success", "context":Result: Success. cV=7bPu3YCgU/Lk+/g2Wqffux.0;server=GENERAL01000016;cloudType=Consumer;environment=Prod_EastUS2_000e;migrationStage=NotStarted}
{"logTime": "1211/225517", "correlationVector":"G11PJg1i172RkTp0TFYfRe","action":"Commit Request", "result":"", "context":Item count: 1
Contributing types: Sessions}
{"logTime": "1211/225518", "correlationVector":"G11PJg1i172RkTp0TFYfRe.1","action":"SyncServerConnectionManagerRequest", "result":"SYNC_SERVER_OK", "context":{"environment":"Prod_EastUS2_000e", "migrationStage":"NotStarted", "server":"GENERAL0100001Y"}}
{"logTime": "1211/225518", "correlationVector":"G11PJg1i172RkTp0TFYfRe.2","action":"Commit Response", "result":"Success", "context":Result: Success. cV=G11PJg1i172RkTp0TFYfRe.0;server=GENERAL0100001Y;cloudType=Consumer;environment=Prod_EastUS2_000e;migrationStage=NotStarted}
{"logTime": "1216/115736", "correlationVector":"v+vKwLK/wAlkgUnnpaWAL4.1","action":"SyncServerConnectionManagerRequest", "result":"SYNC_SERVER_OK", "context":{"environment":"Prod_EastUS2_000e", "migrationStage":"NotStarted", "server":"GENERAL0100000J"}}
{"logTime": "1216/115736", "correlationVector":"axk63A4jjUqOLMZ6bp8oCh","action":"SyncServerConnectionManagerRequest", "result":"SYNC_SERVER_OK", "context":{"environment":"", "migrationStage":"", "server":""}}
{"logTime": "1216/115736", "correlationVector":"v+vKwLK/wAlkgUnnpaWAL4","action":"Initial GetUpdates", "result":"", "context":Reason: NEW_CLIENT. cV=v+vKwLK/wAlkgUnnpaWAL4}
{"logTime": "1216/115736", "correlationVector":"v+vKwLK/wAlkgUnnpaWAL4.2","action":"GetUpdates Response", "result":"Success", "context":Received 1 update(s). cV=v+vKwLK/wAlkgUnnpaWAL4.0;server=GENERAL0100000J;cloudType=Consumer;environment=Prod_EastUS2_000e;migrationStage=NotStarted}
{"logTime": "1216/115736", "correlationVector":"sPOmDVPNfVqKiV0JfDg2yd","action":"Initial GetUpdates", "result":"", "context":Reason: NEWLY_SUPPORTED_DATATYPE. cV=sPOmDVPNfVqKiV0JfDg2yd}
{"logTime": "1216/115737", "correlationVector":"sPOmDVPNfVqKiV0JfDg2yd.1","action":"SyncServerConnectionManagerRequest", "result":"SYNC_SERVER_OK", "context":{"environment":"Prod_EastUS2_000e", "migrationStage":"NotStarted", "server":"GENERAL0100001M"}}
{"logTime": "1216/115737", "correlationVector":"sPOmDVPNfVqKiV0JfDg2yd.2","action":"GetUpdates Response", "result":"Success", "context":Received 87 update(s). cV=sPOmDVPNfVqKiV0JfDg2yd.0;server=GENERAL0100001M;cloudType=Consumer;environment=Prod_EastUS2_000e;migrationStage=NotStarted}
{"logTime": "1216/115737", "correlationVector":"mJPjWicELj1Jl89It5Y6ea","action":"Normal GetUpdate request", "result":"", "context":cV=mJPjWicELj1Jl89It5Y6ea
Nudged types: Sessions, Device Info
Refresh requested types: Bookmarks, Preferences, Passwords, Autofill Profiles, Autofill, Typed URLs, Extensions, Sessions, Extension settings, History Delete Directives, Device Info, User Consents, Send Tab To Self, Web Apps, Collection, Edge E Drop, Edge Hub App Usage, Edge Tab Group, Edge Wallet, Encryption Keys}
{"logTime": "1216/115737", "correlationVector":"mJPjWicELj1Jl89It5Y6ea.1","action":"SyncServerConnectionManagerRequest", "result":"SYNC_SERVER_OK", "context":{"environment":"Prod_EastUS2_000e", "migrationStage":"NotStarted", "server":"GENERAL0100002A"}}
{"logTime": "1216/115737", "correlationVector":"mJPjWicELj1Jl89It5Y6ea.2","action":"GetUpdates", "result":"DeleteReceived", "context":{"id":"bd226684-507f-431a-b8e8-ef1d56594f67", "isDeleted:":"true", "version":"1733956930829"}}
{"logTime": "1216/115737", "correlationVector":"mJPjWicELj1Jl89It5Y6ea.3","action":"GetUpdates", "result":"DeleteReceived", "context":{"id":"dc6f35b4-5ae1-4041-acd1-ca0d76e96b5b", "isDeleted:":"true", "version":"1734051490905"}}
{"logTime": "1216/115737", "correlationVector":"mJPjWicELj1Jl89It5Y6ea.4","action":"GetUpdates Response", "result":"Success", "context":Received 7 update(s). cV=mJPjWicELj1Jl89It5Y6ea.0;server=GENERAL0100002A;cloudType=Consumer;environment=Prod_EastUS2_000e;migrationStage=NotStarted}
{"logTime": "1216/115737", "correlationVector":"0/UzblkHACju0j+mtJzsQ/","action":"Commit Request", "result":"", "context":Item count: 4
Contributing types: Sessions, Device Info}
{"logTime": "1216/115739", "correlationVector":"0/UzblkHACju0j+mtJzsQ/.1","action":"SyncServerConnectionManagerRequest", "result":"SYNC_SERVER_OK", "context":{"environment":"Prod_EastUS2_000e", "migrationStage":"NotStarted", "server":"GENERAL0100002C"}}
{"logTime": "1216/115739", "correlationVector":"0/UzblkHACju0j+mtJzsQ/.3","action":"Commit.Sessions", "result":"Success", "context":{"id":"b20c0c6a-2baf-4b8c-9011-ff218832099b", "isDeleted":"true", "size":"0", "version":"1733957719230"}}
{"logTime": "1216/115739", "correlationVector":"0/UzblkHACju0j+mtJzsQ/.2","action":"Commit Response", "result":"Success", "context":Result: Success. cV=0/UzblkHACju0j+mtJzsQ/.0;server=GENERAL0100002C;cloudType=Consumer;environment=Prod_EastUS2_000e;migrationStage=NotStarted}
{"logTime": "1216/115739", "correlationVector":"j0UCcUd5wdb0j3JM/ObTVr","action":"Poll GetUpdate request", "result":"", "context":cV=j0UCcUd5wdb0j3JM/ObTVr}
{"logTime": "1216/115739", "correlationVector":"j0UCcUd5wdb0j3JM/ObTVr.1","action":"SyncServerConnectionManagerRequest", "result":"SYNC_SERVER_OK", "context":{"environment":"Prod_EastUS2_000e", "migrationStage":"NotStarted", "server":"GENERAL0100001F"}}
{"logTime": "1216/115739", "correlationVector":"j0UCcUd5wdb0j3JM/ObTVr.2","action":"GetUpdates", "result":"DeleteReceived", "context":{"id":"b20c0c6a-2baf-4b8c-9011-ff218832099b", "isDeleted:":"true", "version":"1734350266405"}}
{"logTime": "1216/115739", "correlationVector":"j0UCcUd5wdb0j3JM/ObTVr.3","action":"GetUpdates Response", "result":"Success", "context":Received 4 update(s). cV=j0UCcUd5wdb0j3JM/ObTVr.0;server=GENERAL0100001F;cloudType=Consumer;environment=Prod_EastUS2_000e;migrationStage=NotStarted}
{"logTime": "1216/115943", "correlationVector":"aTy2gtPmoxM93TkkO6iFq8.1","action":"SyncServerConnectionManagerRequest", "result":"SYNC_SERVER_OK", "context":{"environment":"Prod_EastUS2_000e", "migrationStage":"NotStarted", "server":"GENERAL0100002C"}}
{"logTime": "1216/115943", "correlationVector":"Moc+t4VfHIcuWhekuYt7tl","action":"SyncServerConnectionManagerRequest", "result":"SYNC_SERVER_OK", "context":{"environment":"", "migrationStage":"", "server":""}}
{"logTime": "1216/115943", "correlationVector":"aTy2gtPmoxM93TkkO6iFq8","action":"Initial GetUpdates", "result":"", "context":Reason: NEW_CLIENT. cV=aTy2gtPmoxM93TkkO6iFq8}
{"logTime": "1216/115943", "correlationVector":"aTy2gtPmoxM93TkkO6iFq8.2","action":"GetUpdates Response", "result":"Success", "context":Received 1 update(s). cV=aTy2gtPmoxM93TkkO6iFq8.0;server=GENERAL0100002C;cloudType=Consumer;environment=Prod_EastUS2_000e;migrationStage=NotStarted}
{"logTime": "1216/115943", "correlationVector":"XYRmQzmL/LLi8Ll9vATQDS","action":"Initial GetUpdates", "result":"", "context":Reason: NEWLY_SUPPORTED_DATATYPE. cV=XYRmQzmL/LLi8Ll9vATQDS}
{"logTime": "1216/115944", "correlationVector":"XYRmQzmL/LLi8Ll9vATQDS.1","action":"SyncServerConnectionManagerRequest", "result":"SYNC_SERVER_OK", "context":{"environment":"Prod_EastUS2_000e", "migrationStage":"NotStarted", "server":"GENERAL01000023"}}
{"logTime": "1216/115944", "correlationVector":"XYRmQzmL/LLi8Ll9vATQDS.2","action":"GetUpdates Response", "result":"Success", "context":Received 87 update(s). cV=XYRmQzmL/LLi8Ll9vATQDS.0;server=GENERAL01000023;cloudType=Consumer;environment=Prod_EastUS2_000e;migrationStage=NotStarted}
{"logTime": "1216/115944", "correlationVector":"1EWfYWXCOPfSQGDv6jYiD8","action":"Normal GetUpdate request", "result":"", "context":cV=1EWfYWXCOPfSQGDv6jYiD8
Nudged types: Sessions
Refresh requested types: Bookmarks, Preferences, Passwords, Autofill Profiles, Autofill, Typed URLs, Extensions, Sessions, Extension settings, History Delete Directives, Device Info, User Consents, Send Tab To Self, Web Apps, Collection, Edge E Drop, Edge Hub App Usage, Edge Tab Group, Edge Wallet, Encryption Keys}
{"logTime": "1216/115944", "correlationVector":"1EWfYWXCOPfSQGDv6jYiD8.1","action":"SyncServerConnectionManagerRequest", "result":"SYNC_SERVER_OK", "context":{"environment":"Prod_EastUS2_000e", "migrationStage":"NotStarted", "server":"GENERAL01000021"}}
{"logTime": "1216/115944", "correlationVector":"1EWfYWXCOPfSQGDv6jYiD8.2","action":"GetUpdates Response", "result":"Success", "context":Received 0 update(s). cV=1EWfYWXCOPfSQGDv6jYiD8.0;server=GENERAL01000021;cloudType=Consumer;environment=Prod_EastUS2_000e;migrationStage=NotStarted}
{"logTime": "1216/115944", "correlationVector":"nl6D59ScP9gtjkVzwzzQAP","action":"Commit Request", "result":"", "context":Item count: 3
Contributing types: Sessions}
{"logTime": "1216/115945", "correlationVector":"nl6D59ScP9gtjkVzwzzQAP.1","action":"SyncServerConnectionManagerRequest", "result":"SYNC_SERVER_OK", "context":{"environment":"Prod_EastUS2_000e", "migrationStage":"NotStarted", "server":"GENERAL0100001Y"}}
{"logTime": "1216/115945", "correlationVector":"nl6D59ScP9gtjkVzwzzQAP.3","action":"Commit.Sessions", "result":"Success", "context":{"id":"e60835d3-6c0e-4bd4-b549-0ce99a0112ce", "isDeleted":"true", "size":"0", "version":"1734350266403"}}
{"logTime": "1216/115945", "correlationVector":"nl6D59ScP9gtjkVzwzzQAP.2","action":"Commit Response", "result":"Success", "context":Result: Success. cV=nl6D59ScP9gtjkVzwzzQAP.0;server=GENERAL0100001Y;cloudType=Consumer;environment=Prod_EastUS2_000e;migrationStage=NotStarted}
{"logTime": "1216/120015", "correlationVector":"mmSuPKYlSyObBC2D5oFw5N","action":"Commit Request", "result":"", "context":Item count: 1
Contributing types: Sessions}
{"logTime": "1216/120015", "correlationVector":"mmSuPKYlSyObBC2D5oFw5N.1","action":"SyncServerConnectionManagerRequest", "result":"SYNC_SERVER_OK", "context":{"environment":"Prod_EastUS2_000e", "migrationStage":"NotStarted", "server":"GENERAL0100002I"}}
{"logTime": "1216/120015", "correlationVector":"mmSuPKYlSyObBC2D5oFw5N.2","action":"Commit Response", "result":"Success", "context":Result: Success. cV=mmSuPKYlSyObBC2D5oFw5N.0;server=GENERAL0100002I;cloudType=Consumer;environment=Prod_EastUS2_000e;migrationStage=NotStarted}
{"logTime": "1216/120442", "correlationVector":"tARvtCEawylwHCJvkqh8Jj","action":"Normal GetUpdate request", "result":"", "context":cV=tARvtCEawylwHCJvkqh8Jj
Refresh requested types: Bookmarks, Preferences, Passwords, Autofill Profiles, Autofill, Typed URLs, Extensions, Sessions, Extension settings, History Delete Directives, Device Info, User Consents, Send Tab To Self, Web Apps, Collection, Edge E Drop, Edge Hub App Usage, Edge Tab Group, Edge Wallet, Encryption Keys}
{"logTime": "1216/120443", "correlationVector":"tARvtCEawylwHCJvkqh8Jj.1","action":"SyncServerConnectionManagerRequest", "result":"SYNC_SERVER_OK", "context":{"environment":"Prod_EastUS2_000e", "migrationStage":"NotStarted", "server":"GENERAL0100000L"}}
{"logTime": "1216/120443", "correlationVector":"tARvtCEawylwHCJvkqh8Jj.2","action":"GetUpdates", "result":"DeleteReceived", "context":{"id":"e60835d3-6c0e-4bd4-b549-0ce99a0112ce", "isDeleted:":"true", "version":"1734350393061"}}
{"logTime": "1216/120443", "correlationVector":"tARvtCEawylwHCJvkqh8Jj.3","action":"GetUpdates Response", "result":"Success", "context":Received 3 update(s). cV=tARvtCEawylwHCJvkqh8Jj.0;server=GENERAL0100000L;cloudType=Consumer;environment=Prod_EastUS2_000e;migrationStage=NotStarted}
{"logTime": "1216/121212", "correlationVector":"jUtuZ8AC0BduA4EASG/Q8y","action":"Commit Request", "result":"", "context":Item count: 1
Contributing types: Sessions}
{"logTime": "1216/121213", "correlationVector":"jUtuZ8AC0BduA4EASG/Q8y.1","action":"SyncServerConnectionManagerRequest", "result":"SYNC_SERVER_OK", "context":{"environment":"Prod_EastUS2_000e", "migrationStage":"NotStarted", "server":"GENERAL0100000M"}}
{"logTime": "1216/121213", "correlationVector":"jUtuZ8AC0BduA4EASG/Q8y.2","action":"Commit Response", "result":"Success", "context":Result: Success. cV=jUtuZ8AC0BduA4EASG/Q8y.0;server=GENERAL0100000M;cloudType=Consumer;environment=Prod_EastUS2_000e;migrationStage=NotStarted}
{"logTime": "1216/122216", "correlationVector":"72rojdgE8mbSa34Zrr1zb9","action":"Commit Request", "result":"", "context":Item count: 1
Contributing types: Sessions}
{"logTime": "1216/122217", "correlationVector":"72rojdgE8mbSa34Zrr1zb9.1","action":"SyncServerConnectionManagerRequest", "result":"SYNC_SERVER_OK", "context":{"environment":"Prod_EastUS2_000e", "migrationStage":"NotStarted", "server":"GENERAL0100001Y"}}
{"logTime": "1216/122217", "correlationVector":"72rojdgE8mbSa34Zrr1zb9.2","action":"Commit Response", "result":"Success", "context":Result: Success. cV=72rojdgE8mbSa34Zrr1zb9.0;server=GENERAL0100001Y;cloudType=Consumer;environment=Prod_EastUS2_000e;migrationStage=NotStarted}
{"logTime": "1216/122439", "correlationVector":"ymKwaYerlfVlS5uqSsMkHw.1","action":"SyncServerConnectionManagerRequest", "result":"SYNC_SERVER_OK", "context":{"environment":"Prod_EastUS2_000e", "migrationStage":"NotStarted", "server":"GENERAL0100002C"}}
{"logTime": "1216/122439", "correlationVector":"vnT9rBAyNGOIQ2ex7D7oZX","action":"SyncServerConnectionManagerRequest", "result":"SYNC_SERVER_OK", "context":{"environment":"", "migrationStage":"", "server":""}}
{"logTime": "1216/122439", "correlationVector":"ymKwaYerlfVlS5uqSsMkHw","action":"Initial GetUpdates", "result":"", "context":Reason: NEW_CLIENT. cV=ymKwaYerlfVlS5uqSsMkHw}
{"logTime": "1216/122439", "correlationVector":"ymKwaYerlfVlS5uqSsMkHw.2","action":"GetUpdates Response", "result":"Success", "context":Received 1 update(s). cV=ymKwaYerlfVlS5uqSsMkHw.0;server=GENERAL0100002C;cloudType=Consumer;environment=Prod_EastUS2_000e;migrationStage=NotStarted}
{"logTime": "1216/122439", "correlationVector":"1scLkGHTiOt2SnWVx/uD94","action":"Initial GetUpdates", "result":"", "context":Reason: NEWLY_SUPPORTED_DATATYPE. cV=1scLkGHTiOt2SnWVx/uD94}
{"logTime": "1216/122440", "correlationVector":"1scLkGHTiOt2SnWVx/uD94.1","action":"SyncServerConnectionManagerRequest", "result":"SYNC_SERVER_OK", "context":{"environment":"Prod_EastUS2_000e", "migrationStage":"NotStarted", "server":"GENERAL01000011"}}
{"logTime": "1216/122440", "correlationVector":"1scLkGHTiOt2SnWVx/uD94.2","action":"GetUpdates Response", "result":"Success", "context":Received 87 update(s). cV=1scLkGHTiOt2SnWVx/uD94.0;server=GENERAL01000011;cloudType=Consumer;environment=Prod_EastUS2_000e;migrationStage=NotStarted}
{"logTime": "1216/122440", "correlationVector":"vlzBKYgpW63xWIqUMMBUEi","action":"Normal GetUpdate request", "result":"", "context":cV=vlzBKYgpW63xWIqUMMBUEi
Nudged types: Sessions
Refresh requested types: Bookmarks, Preferences, Passwords, Autofill Profiles, Autofill, Typed URLs, Extensions, Sessions, Extension settings, History Delete Directives, Device Info, User Consents, Send Tab To Self, Web Apps, Collection, Edge E Drop, Edge Hub App Usage, Edge Tab Group, Edge Wallet, Encryption Keys}
{"logTime": "1216/122440", "correlationVector":"vlzBKYgpW63xWIqUMMBUEi.1","action":"SyncServerConnectionManagerRequest", "result":"SYNC_SERVER_OK", "context":{"environment":"Prod_EastUS2_000e", "migrationStage":"NotStarted", "server":"GENERAL01000023"}}
{"logTime": "1216/122440", "correlationVector":"vlzBKYgpW63xWIqUMMBUEi.2","action":"GetUpdates Response", "result":"Success", "context":Received 1 update(s). cV=vlzBKYgpW63xWIqUMMBUEi.0;server=GENERAL01000023;cloudType=Consumer;environment=Prod_EastUS2_000e;migrationStage=NotStarted}
{"logTime": "1216/122440", "correlationVector":"6jE+1JkIT7IMlPvflV/S/n","action":"Commit Request", "result":"", "context":Item count: 3
Contributing types: Sessions}
{"logTime": "1216/122441", "correlationVector":"6jE+1JkIT7IMlPvflV/S/n.1","action":"SyncServerConnectionManagerRequest", "result":"SYNC_SERVER_OK", "context":{"environment":"Prod_EastUS2_000e", "migrationStage":"NotStarted", "server":"GENERAL0100000M"}}
{"logTime": "1216/122441", "correlationVector":"6jE+1JkIT7IMlPvflV/S/n.3","action":"Commit.Sessions", "result":"Success", "context":{"id":"3e068729-b59d-478b-9dc0-0b128b363582", "isDeleted":"true", "size":"0", "version":"1734351744983"}}
{"logTime": "1216/122441", "correlationVector":"6jE+1JkIT7IMlPvflV/S/n.2","action":"Commit Response", "result":"Success", "context":Result: Success. cV=6jE+1JkIT7IMlPvflV/S/n.0;server=GENERAL0100000M;cloudType=Consumer;environment=Prod_EastUS2_000e;migrationStage=NotStarted}
{"logTime": "1216/122938", "correlationVector":"ldMup75ledE2zwVXmtcQQU","action":"Normal GetUpdate request", "result":"", "context":cV=ldMup75ledE2zwVXmtcQQU
Refresh requested types: Bookmarks, Preferences, Passwords, Autofill Profiles, Autofill, Typed URLs, Extensions, Sessions, Extension settings, History Delete Directives, Device Info, User Consents, Send Tab To Self, Web Apps, Collection, Edge E Drop, Edge Hub App Usage, Edge Tab Group, Edge Wallet, Encryption Keys}
{"logTime": "1216/122939", "correlationVector":"ldMup75ledE2zwVXmtcQQU.1","action":"SyncServerConnectionManagerRequest", "result":"SYNC_SERVER_OK", "context":{"environment":"Prod_EastUS2_000e", "migrationStage":"NotStarted", "server":"GENERAL0100002E"}}
{"logTime": "1216/122939", "correlationVector":"ldMup75ledE2zwVXmtcQQU.2","action":"GetUpdates", "result":"DeleteReceived", "context":{"id":"3e068729-b59d-478b-9dc0-0b128b363582", "isDeleted:":"true", "version":"1734351888984"}}
{"logTime": "1216/122939", "correlationVector":"ldMup75ledE2zwVXmtcQQU.3","action":"GetUpdates Response", "result":"Success", "context":Received 3 update(s). cV=ldMup75ledE2zwVXmtcQQU.0;server=GENERAL0100002E;cloudType=Consumer;environment=Prod_EastUS2_000e;migrationStage=NotStarted}
{"logTime": "1216/172344", "correlationVector":"ym9PuCGhpO4pcyKnUPBmIg.1","action":"SyncServerConnectionManagerRequest", "result":"SYNC_SERVER_OK", "context":{"environment":"Prod_EastUS2_000e", "migrationStage":"NotStarted", "server":"GENERAL0100002P"}}
{"logTime": "1216/172346", "correlationVector":"AMZsRJhgBQKRCIw4tKS5Q8","action":"SyncServerConnectionManagerRequest", "result":"SYNC_SERVER_OK", "context":{"environment":"", "migrationStage":"", "server":""}}
{"logTime": "1216/172346", "correlationVector":"ym9PuCGhpO4pcyKnUPBmIg","action":"Initial GetUpdates", "result":"", "context":Reason: NEW_CLIENT. cV=ym9PuCGhpO4pcyKnUPBmIg}
{"logTime": "1216/172346", "correlationVector":"ym9PuCGhpO4pcyKnUPBmIg.2","action":"GetUpdates Response", "result":"Success", "context":Received 1 update(s). cV=ym9PuCGhpO4pcyKnUPBmIg.0;server=GENERAL0100002P;cloudType=Consumer;environment=Prod_EastUS2_000e;migrationStage=NotStarted}
{"logTime": "1216/172346", "correlationVector":"LZzzs4RFLAbQpYqfPN2ibl","action":"Initial GetUpdates", "result":"", "context":Reason: NEWLY_SUPPORTED_DATATYPE. cV=LZzzs4RFLAbQpYqfPN2ibl}
{"logTime": "1216/172347", "correlationVector":"LZzzs4RFLAbQpYqfPN2ibl.1","action":"SyncServerConnectionManagerRequest", "result":"SYNC_SERVER_OK", "context":{"environment":"Prod_EastUS2_000e", "migrationStage":"NotStarted", "server":"GENERAL0100001A"}}
{"logTime": "1216/172347", "correlationVector":"LZzzs4RFLAbQpYqfPN2ibl.2","action":"GetUpdates Response", "result":"Success", "context":Received 87 update(s). cV=LZzzs4RFLAbQpYqfPN2ibl.0;server=GENERAL0100001A;cloudType=Consumer;environment=Prod_EastUS2_000e;migrationStage=NotStarted}
{"logTime": "1216/172347", "correlationVector":"zwk6VWia+6MjXJUmml+9jt","action":"Normal GetUpdate request", "result":"", "context":cV=zwk6VWia+6MjXJUmml+9jt
Nudged types: Sessions
Refresh requested types: Bookmarks, Preferences, Passwords, Autofill Profiles, Autofill, Typed URLs, Extensions, Sessions, Extension settings, History Delete Directives, Device Info, User Consents, Send Tab To Self, Web Apps, Collection, Edge E Drop, Edge Hub App Usage, Edge Tab Group, Edge Wallet, Encryption Keys}
{"logTime": "1216/172348", "correlationVector":"zwk6VWia+6MjXJUmml+9jt.1","action":"SyncServerConnectionManagerRequest", "result":"SYNC_SERVER_OK", "context":{"environment":"Prod_EastUS2_000e", "migrationStage":"NotStarted", "server":"GENERAL0100001T"}}
{"logTime": "1216/172348", "correlationVector":"zwk6VWia+6MjXJUmml+9jt.2","action":"GetUpdates Response", "result":"Success", "context":Received 3 update(s). cV=zwk6VWia+6MjXJUmml+9jt.0;server=GENERAL0100001T;cloudType=Consumer;environment=Prod_EastUS2_000e;migrationStage=NotStarted}
{"logTime": "1216/172348", "correlationVector":"oaxL7qjWncFjO1jP2jeiBG","action":"Commit Request", "result":"", "context":Item count: 3
Contributing types: Sessions}
{"logTime": "1216/172349", "correlationVector":"oaxL7qjWncFjO1jP2jeiBG.1","action":"SyncServerConnectionManagerRequest", "result":"SYNC_SERVER_OK", "context":{"environment":"Prod_EastUS2_000e", "migrationStage":"NotStarted", "server":"GENERAL0100000T"}}
{"logTime": "1216/172349", "correlationVector":"oaxL7qjWncFjO1jP2jeiBG.3","action":"Commit.Sessions", "result":"Success", "context":{"id":"b2f70164-ed0f-47a6-a135-16c23ee9d60b", "isDeleted":"true", "size":"0", "version":"1734351888982"}}
{"logTime": "1216/172349", "correlationVector":"oaxL7qjWncFjO1jP2jeiBG.2","action":"Commit Response", "result":"Success", "context":Result: Success. cV=oaxL7qjWncFjO1jP2jeiBG.0;server=GENERAL0100000T;cloudType=Consumer;environment=Prod_EastUS2_000e;migrationStage=NotStarted}
{"logTime": "1216/172825", "correlationVector":"g/KuSijQN4t3l3ShiYp4ec","action":"Normal GetUpdate request", "result":"", "context":cV=g/KuSijQN4t3l3ShiYp4ec
Refresh requested types: Bookmarks, Preferences, Passwords, Autofill Profiles, Autofill, Typed URLs, Extensions, Sessions, Extension settings, History Delete Directives, Device Info, User Consents, Send Tab To Self, Web Apps, Collection, Edge E Drop, Edge Hub App Usage, Edge Tab Group, Edge Wallet, Encryption Keys}
{"logTime": "1216/172826", "correlationVector":"g/KuSijQN4t3l3ShiYp4ec.1","action":"SyncServerConnectionManagerRequest", "result":"SYNC_SERVER_OK", "context":{"environment":"Prod_EastUS2_000e", "migrationStage":"NotStarted", "server":"GENERAL0100001I"}}
{"logTime": "1216/172826", "correlationVector":"g/KuSijQN4t3l3ShiYp4ec.2","action":"GetUpdates", "result":"DeleteReceived", "context":{"id":"b2f70164-ed0f-47a6-a135-16c23ee9d60b", "isDeleted:":"true", "version":"1734369837545"}}
{"logTime": "1216/172826", "correlationVector":"g/KuSijQN4t3l3ShiYp4ec.3","action":"GetUpdates Response", "result":"Success", "context":Received 3 update(s). cV=g/KuSijQN4t3l3ShiYp4ec.0;server=GENERAL0100001I;cloudType=Consumer;environment=Prod_EastUS2_000e;migrationStage=NotStarted}
{"logTime": "1216/173402", "correlationVector":"FNoFJhGXyjqmZZsBec0jD/","action":"Commit Request", "result":"", "context":Item count: 1
Contributing types: Sessions}
{"logTime": "1216/173402", "correlationVector":"FNoFJhGXyjqmZZsBec0jD/.1","action":"SyncServerConnectionManagerRequest", "result":"SYNC_SERVER_OK", "context":{"environment":"Prod_EastUS2_000e", "migrationStage":"NotStarted", "server":"GENERAL0100002S"}}
{"logTime": "1216/173402", "correlationVector":"FNoFJhGXyjqmZZsBec0jD/.2","action":"Commit Response", "result":"Success", "context":Result: Success. cV=FNoFJhGXyjqmZZsBec0jD/.0;server=GENERAL0100002S;cloudType=Consumer;environment=Prod_EastUS2_000e;migrationStage=NotStarted}
{"logTime": "1216/173500", "correlationVector":"U6MSJeF1s90kvzHLy+OTf3","action":"Commit Request", "result":"", "context":Item count: 1
Contributing types: Sessions}
{"logTime": "1216/173501", "correlationVector":"U6MSJeF1s90kvzHLy+OTf3.1","action":"SyncServerConnectionManagerRequest", "result":"SYNC_SERVER_OK", "context":{"environment":"Prod_EastUS2_000e", "migrationStage":"NotStarted", "server":"GENERAL0100002M"}}
{"logTime": "1216/173501", "correlationVector":"U6MSJeF1s90kvzHLy+OTf3.2","action":"Commit Response", "result":"Success", "context":Result: Success. cV=U6MSJeF1s90kvzHLy+OTf3.0;server=GENERAL0100002M;cloudType=Consumer;environment=Prod_EastUS2_000e;migrationStage=NotStarted}
